Flutter crash report.
Please report a bug at https://github.com/flutter/flutter/issues.

## command

flutter --quiet assemble --depfile D:\Dart Programming\myapp\build\app\intermediates\flutter\debug/flutter_build.d --output D:\Dart Programming\myapp\build\app\intermediates\flutter\debug -dTargetFile=D:\Dart Programming\myapp\lib\main.dart -dTargetPlatform=android -dBuildMode=debug -dTrackWidgetCreation=true --DartDefines=flutter.inspector.structuredErrors%3Dtrue debug_android_application

## exception

ArgumentError: Invalid argument(s): Uri d:%5CDart%20Programming%5Cmyapp%5Cassets%5Cfonts%5COrelegaOne-Regular.ttf must have scheme 'file:'.

```
#0      WindowsStyle.pathFromUri (package:path/src/style/windows.dart:88:7)
#1      Context.fromUri (package:path/src/context.dart:1000:32)
#2      ManifestAssetBundle._resolveAsset (package:flutter_tools/src/asset.dart:631:47)
#3      ManifestAssetBundle._parseAssets (package:flutter_tools/src/asset.dart:526:34)
#4      ManifestAssetBundle.build (package:flutter_tools/src/asset.dart:198:53)
<asynchronous suspension>
#5      copyAssets (package:flutter_tools/src/build_system/targets/assets.dart:53:26)
<asynchronous suspension>
#6      AndroidAssetBundle.build (package:flutter_tools/src/build_system/targets/android.dart:62:34)
<asynchronous suspension>
#7      _BuildInstance._invokeInternal (package:flutter_tools/src/build_system/build_system.dart:796:9)
<asynchronous suspension>
#8      FlutterBuildSystem.build (package:flutter_tools/src/build_system/build_system.dart:563:16)
<asynchronous suspension>
#9      AssembleCommand.runCommand (package:flutter_tools/src/commands/assemble.dart:220:32)
<asynchronous suspension>
#10     FlutterCommand.verifyThenRunCommand (package:flutter_tools/src/runner/flutter_command.dart:1157:12)
<asynchronous suspension>
#11     FlutterCommand.run.<anonymous closure> (package:flutter_tools/src/runner/flutter_command.dart:1009:27)
<asynchronous suspension>
#12     AppContext.run.<anonymous closure> (package:flutter_tools/src/base/context.dart:150:19)
<asynchronous suspension>
#13     AppContext.run (package:flutter_tools/src/base/context.dart:149:12)
<asynchronous suspension>
#14     CommandRunner.runCommand (package:args/command_runner.dart:197:13)
<asynchronous suspension>
#15     FlutterCommandRunner.runCommand.<anonymous closure> (package:flutter_tools/src/runner/flutter_command_runner.dart:278:9)
<asynchronous suspension>
#16     AppContext.run.<anonymous closure> (package:flutter_tools/src/base/context.dart:150:19)
<asynchronous suspension>
#17     AppContext.run (package:flutter_tools/src/base/context.dart:149:12)
<asynchronous suspension>
#18     FlutterCommandRunner.runCommand (package:flutter_tools/src/runner/flutter_command_runner.dart:234:5)
<asynchronous suspension>
#19     run.<anonymous closure>.<anonymous closure> (package:flutter_tools/runner.dart:64:9)
<asynchronous suspension>
#20     run.<anonymous closure> (package:flutter_tools/runner.dart:62:12)
<asynchronous suspension>
#21     AppContext.run.<anonymous closure> (package:flutter_tools/src/base/context.dart:150:19)
<asynchronous suspension>
#22     AppContext.run (package:flutter_tools/src/base/context.dart:149:12)
<asynchronous suspension>
#23     runInContext (package:flutter_tools/src/context_runner.dart:73:10)
<asynchronous suspension>
#24     main (package:flutter_tools/executable.dart:90:3)
<asynchronous suspension>
```

## flutter doctor

```
[✓] Flutter (Channel stable, 2.0.4, on Microsoft Windows [Version 10.0.18363.1316], locale en-US)
    • Flutter version 2.0.4 at D:\flutter
    • Framework revision b1395592de (4 weeks ago), 2021-04-01 14:25:01 -0700
    • Engine revision 2dce47073a
    • Dart version 2.12.2

[✓] Android toolchain - develop for Android devices (Android SDK version 31.0.0-rc2)
    • Android SDK at C:\Users\harsh\AppData\Local\Android\sdk
    • Platform android-30, build-tools 31.0.0-rc2
    • Java binary at: C:\Program Files\Android\Android Studio\jre\bin\java
    • Java version OpenJDK Runtime Environment (build 1.8.0_242-release-1644-b01)
    • All Android licenses accepted.

[✓] Chrome - develop for the web
    • Chrome at C:\Program Files (x86)\Google\Chrome\Application\chrome.exe

[✓] Android Studio (version 4.1.0)
    • Android Studio at C:\Program Files\Android\Android Studio
    • Flutter plugin can be installed from:
      🔨 https://plugins.jetbrains.com/plugin/9212-flutter
    • Dart plugin can be installed from:
      🔨 https://plugins.jetbrains.com/plugin/6351-dart
    • Java version OpenJDK Runtime Environment (build 1.8.0_242-release-1644-b01)

[✓] VS Code (version 1.55.2)
    • VS Code at C:\Users\harsh\AppData\Local\Programs\Microsoft VS Code
    • Flutter extension can be installed from:
      🔨 https://marketplace.visualstudio.com/items?itemName=Dart-Code.flutter

[✓] Connected device (3 available)
    • vivo 1904 (mobile) • ZTKZHITS6PBQCIFM • android-arm64  • Android 11 (API 30)
    • Chrome (web)       • chrome           • web-javascript • Google Chrome 90.0.4430.93
    • Edge (web)         • edge             • web-javascript • Microsoft Edge 90.0.818.42

• No issues found!
```
